[2026-04-27T22:16:02.722Z] INFO: [DB] SQLite connected: C:\Users\sajid\Desktop\Freelacing\actools\remote-manager\server\data\ac_manager.db
[2026-04-27T22:16:02.757Z] INFO: [DB] SQLite migrations complete
[2026-04-27T22:16:02.760Z] INFO: Server listening on :4000
[2026-04-27T22:16:18.080Z] INFO: [Devices] Registered: TEST-PC-1
[2026-04-27T22:16:18.114Z] INFO: [Socket] Agent connected: TEST-PC-1 (5d4d90e9d0316c44580277f42dbe6436)
[2026-04-27T22:18:19.263Z] ERROR: [DB] Query error: Provided value cannot be bound to SQLite parameter 6.
SQL: INSERT INTO sessions
         (device_id, car_id, track_id, track_layout, mode, easy_assists, configured_duration_min, status)
       VALUES ($1,$2,$3,$4,$5,$6,$7,'pending')
       RETURNING *
[2026-04-27T22:18:19.264Z] ERROR: Provided value cannot be bound to SQLite parameter 6. {"stack":"TypeError: Provided value cannot be bound to SQLite parameter 6.\n    at Object.query (C:\\Users\\sajid\\Desktop\\Freelacing\\actools\\remote-manager\\server\\src\\db\\pool.js:53:25)\n    at exports.startSession (C:\\Users\\sajid\\Desktop\\Freelacing\\actools\\remote-manager\\server\\src\\controllers\\sessionController.js:38:43)\n    at process.processTicksAndRejections (node:internal/process/task_queues:104:5)"}
[2026-04-27T22:18:52.507Z] INFO: [DB] SQLite connected: C:\Users\sajid\Desktop\Freelacing\actools\remote-manager\server\data\ac_manager.db
[2026-04-27T22:18:52.510Z] INFO: [DB] SQLite migrations complete
[2026-04-27T22:18:52.513Z] INFO: Server listening on :4000
[2026-04-27T22:18:56.917Z] INFO: [Socket] Agent connected: TEST-PC-1 (5d4d90e9d0316c44580277f42dbe6436)
[2026-04-27T22:19:26.794Z] INFO: [SessionCtrl] START_SESSION → device 5d4d90e9d0316c44580277f42dbe6436, session b92481d0b72bd5f46eca7dbbd093af4d
[2026-04-27T22:19:26.811Z] INFO: [Socket] Agent disconnected: TEST-PC-1
[2026-04-27T22:19:28.828Z] WARN: [SessionCtrl] FORCE_STOP → device 5d4d90e9d0316c44580277f42dbe6436
[2026-04-27T22:19:29.848Z] INFO: [Reporting] Daily report for 2026-04-27: 0 sessions, 0 min
[2026-04-27T22:20:37.923Z] INFO: [Socket] Agent connected: TEST-PC-1 (5d4d90e9d0316c44580277f42dbe6436)
[2026-04-27T22:20:59.855Z] INFO: [SessionCtrl] START_SESSION → device 5d4d90e9d0316c44580277f42dbe6436, session 8f899a76230104fbbb43bf7dd3fccfa4
[2026-04-27T22:20:59.862Z] ERROR: [Socket] SESSION_ERROR on 8f899a76230104fbbb43bf7dd3fccfa4: Spawn failed: spawn C:\Users\sajid\Desktop\Freelacing\actools\AcAgent\bin\Debug\AcAgent.exe ENOENT
[2026-04-27T22:20:59.877Z] INFO: [Socket] SESSION_ENDED: 8f899a76230104fbbb43bf7dd3fccfa4 — 0.0 min
[2026-04-27T22:21:47.589Z] INFO: [Socket] Agent disconnected: TEST-PC-1
[2026-04-27T22:21:58.038Z] INFO: [Socket] Agent connected: TEST-PC-1 (5d4d90e9d0316c44580277f42dbe6436)
[2026-04-27T22:22:18.955Z] INFO: [SessionCtrl] START_SESSION → device 5d4d90e9d0316c44580277f42dbe6436, session 837696bc86adcf42c3f1c47d1087213d
[2026-04-27T22:22:18.961Z] ERROR: [Socket] SESSION_ERROR on 837696bc86adcf42c3f1c47d1087213d: Spawn failed: spawn C:\Users\sajid\Desktop\Freelacing\actools\AcAgent\bin\Debug\AcAgent.exe ENOENT
[2026-04-27T22:27:05.757Z] INFO: [Socket] Agent disconnected: TEST-PC-1
[2026-04-27T22:27:17.580Z] INFO: [Socket] Agent connected: TEST-PC-1 (5d4d90e9d0316c44580277f42dbe6436)
[2026-04-27T22:27:40.906Z] INFO: [SessionCtrl] START_SESSION → device 5d4d90e9d0316c44580277f42dbe6436, session 853d0a00993e5a3f4a6cb87098dab46d
[2026-04-27T22:29:41.972Z] INFO: [Socket] SESSION_ENDED: 853d0a00993e5a3f4a6cb87098dab46d — 2.0 min
[2026-04-27T22:31:13.441Z] INFO: [Reporting] Daily report for 2026-04-28: 0 sessions, 0 min
[2026-04-27T22:32:38.262Z] INFO: [DB] SQLite connected: C:\Users\sajid\Desktop\Freelacing\actools\remote-manager\server\data\ac_manager.db
[2026-04-27T22:32:38.265Z] INFO: [DB] SQLite migrations complete
[2026-04-27T22:32:38.267Z] INFO: Server listening on :4000
[2026-04-27T22:32:38.425Z] INFO: [Socket] Agent connected: TEST-PC-1 (5d4d90e9d0316c44580277f42dbe6436)
[2026-04-27T22:36:04.283Z] INFO: [Reporting] Daily report for 2026-04-27: 2 sessions, 2.02 min
[2026-04-27T22:47:48.436Z] INFO: [Socket] Agent connected: TEST-PC-1 (5d4d90e9d0316c44580277f42dbe6436)
[2026-04-27T23:01:21.363Z] INFO: [Socket] Dashboard connected: f9O0qgsN-Wp0mNZAAAAG
[2026-04-27T23:01:35.075Z] INFO: [Socket] Dashboard connected: SJYd5RrUUY14PNkqAAAI
[2026-04-27T23:02:10.620Z] INFO: [Socket] Dashboard connected: beVd5HR8hZMqE-wVAAAL
[2026-04-27T23:02:37.301Z] INFO: [SessionCtrl] START_SESSION → device 5d4d90e9d0316c44580277f42dbe6436, session e9d8ddcc7b9b8e3d5f15bd513cc03be8
[2026-04-27T23:02:38.056Z] INFO: [Socket] SESSION_ENDED: e9d8ddcc7b9b8e3d5f15bd513cc03be8 — 0.0 min
[2026-04-27T23:04:38.271Z] INFO: [Socket] SESSION_ENDED: e9d8ddcc7b9b8e3d5f15bd513cc03be8 — 2.0 min
