[2026-04-27T22:18:19.263Z] ERROR: [DB] Query error: Provided value cannot be bound to SQLite parameter 6.
SQL: INSERT INTO sessions
         (device_id, car_id, track_id, track_layout, mode, easy_assists, configured_duration_min, status)
       VALUES ($1,$2,$3,$4,$5,$6,$7,'pending')
       RETURNING *
[2026-04-27T22:18:19.264Z] ERROR: Provided value cannot be bound to SQLite parameter 6. {"stack":"TypeError: Provided value cannot be bound to SQLite parameter 6.\n    at Object.query (C:\\Users\\sajid\\Desktop\\Freelacing\\actools\\remote-manager\\server\\src\\db\\pool.js:53:25)\n    at exports.startSession (C:\\Users\\sajid\\Desktop\\Freelacing\\actools\\remote-manager\\server\\src\\controllers\\sessionController.js:38:43)\n    at process.processTicksAndRejections (node:internal/process/task_queues:104:5)"}
[2026-04-27T22:20:59.862Z] ERROR: [Socket] SESSION_ERROR on 8f899a76230104fbbb43bf7dd3fccfa4: Spawn failed: spawn C:\Users\sajid\Desktop\Freelacing\actools\AcAgent\bin\Debug\AcAgent.exe ENOENT
[2026-04-27T22:22:18.961Z] ERROR: [Socket] SESSION_ERROR on 837696bc86adcf42c3f1c47d1087213d: Spawn failed: spawn C:\Users\sajid\Desktop\Freelacing\actools\AcAgent\bin\Debug\AcAgent.exe ENOENT
[2026-04-29T12:18:52.181Z] ERROR: [Socket] SESSION_ERROR on 184b25d89a9dc1d3f7a2a2917cb99610: AcAgent.exe not found at: "C:\AcRemoteAgent\AcAgent\AcAgent.exe". Check AC_AGENT_EXE in .env
[2026-04-29T12:20:46.937Z] ERROR: [Socket] SESSION_ERROR on 91f64f84286fe40bf21082e8f28fdaa4: AcAgent.exe not found at: "C:\AcRemoteAgent\AcAgent\AcAgent.exe". Check AC_AGENT_EXE in .env
[2026-04-29T12:20:46.954Z] ERROR: [Socket] SESSION_ERROR on 91f64f84286fe40bf21082e8f28fdaa4: AC_ROOT directory not found: "C:\Program Files (x86)\Steam\steamapps\common\assettocorsa". Check AC_ROOT in .env
[2026-04-29T12:21:38.598Z] ERROR: [Socket] SESSION_ERROR on 60df3129a7b8de0a75b45f5ec93a0d2f: AcAgent.exe not found at: "C:\AcRemoteAgent\AcAgent\AcAgent.exe". Check AC_AGENT_EXE in .env
[2026-04-29T12:21:38.616Z] ERROR: [Socket] SESSION_ERROR on 60df3129a7b8de0a75b45f5ec93a0d2f: AC_ROOT directory not found: "C:\Program Files (x86)\Steam\steamapps\common\assettocorsa". Check AC_ROOT in .env
[2026-04-29T12:22:04.380Z] ERROR: [Socket] SESSION_ERROR on 3a7dcc0794596ef24cf68eb0319b3d1c: AC_ROOT directory not found: "C:\Program Files (x86)\Steam\steamapps\common\assettocorsa". Check AC_ROOT in .env
[2026-04-29T12:22:04.397Z] ERROR: [Socket] SESSION_ERROR on 3a7dcc0794596ef24cf68eb0319b3d1c: AcAgent.exe not found at: "C:\AcRemoteAgent\AcAgent\AcAgent.exe". Check AC_AGENT_EXE in .env
[2026-04-29T12:23:16.042Z] ERROR: [Socket] SESSION_ERROR on 509d0d054c30240efc02a3123f80faf4: AcAgent.exe not found at: "C:\AcRemoteAgent\AcAgent\AcAgent.exe". Check AC_AGENT_EXE in .env
[2026-04-29T12:23:16.063Z] ERROR: [Socket] SESSION_ERROR on 509d0d054c30240efc02a3123f80faf4: AC_ROOT directory not found: "C:\Program Files (x86)\Steam\steamapps\common\assettocorsa". Check AC_ROOT in .env
[2026-04-29T12:25:11.149Z] ERROR: [Socket] SESSION_ERROR on b08e01118ccffb2e733e780a126a1802: AcAgent.exe not found at: "C:\AcRemoteAgent\AcAgent\AcAgent.exe". Check AC_AGENT_EXE in .env
[2026-04-29T12:25:11.167Z] ERROR: [Socket] SESSION_ERROR on b08e01118ccffb2e733e780a126a1802: AC_ROOT directory not found: "C:\Program Files (x86)\Steam\steamapps\common\assettocorsa". Check AC_ROOT in .env
[2026-04-29T12:25:45.529Z] ERROR: [Socket] SESSION_ERROR on 471dc327516b7d5455ba00bd36d071b5: AC_ROOT directory not found: "C:\Program Files (x86)\Steam\steamapps\common\assettocorsa". Check AC_ROOT in .env
[2026-04-29T12:25:45.545Z] ERROR: [Socket] SESSION_ERROR on 471dc327516b7d5455ba00bd36d071b5: AcAgent.exe not found at: "C:\AcRemoteAgent\AcAgent\AcAgent.exe". Check AC_AGENT_EXE in .env
[2026-04-29T12:26:17.503Z] ERROR: [Socket] SESSION_ERROR on 2d76be86f4e5d0b2b6467ffe891900e6: AcAgent.exe not found at: "C:\AcRemoteAgent\AcAgent\AcAgent.exe". Check AC_AGENT_EXE in .env
[2026-04-29T12:26:17.520Z] ERROR: [Socket] SESSION_ERROR on 2d76be86f4e5d0b2b6467ffe891900e6: AC_ROOT directory not found: "C:\Program Files (x86)\Steam\steamapps\common\assettocorsa". Check AC_ROOT in .env
